[debug] [2023-10-25T12:08:19.232Z] ----------------------------------------------------------------------
[debug] [2023-10-25T12:08:19.235Z] Command:       C:\Program Files\nodejs\node.exe C:\Users\alok\AppData\Roaming\npm\node_modules\firebase-tools\lib\bin\firebase.js login
[debug] [2023-10-25T12:08:19.235Z] CLI Version:   12.7.0
[debug] [2023-10-25T12:08:19.236Z] Platform:      win32
[debug] [2023-10-25T12:08:19.236Z] Node Version:  v18.15.0
[debug] [2023-10-25T12:08:19.237Z] Time:          Wed Oct 25 2023 17:38:19 GMT+0530 (India Standard Time)
[debug] [2023-10-25T12:08:19.237Z] ----------------------------------------------------------------------
[debug] 
[debug] [2023-10-25T12:08:19.241Z] >>> [apiv2][query] GET https://firebase-public.firebaseio.com/cli.json [none]
[info] Already logged in as alokdholu10@gmail.com
[debug] [2023-10-25T12:08:20.175Z] <<< [apiv2][status] GET https://firebase-public.firebaseio.com/cli.json 200
[debug] [2023-10-25T12:08:20.178Z] <<< [apiv2][body] GET https://firebase-public.firebaseio.com/cli.json {"cloudBuildErrorAfter":1594252800000,"cloudBuildWarnAfter":1590019200000,"defaultNode10After":1594252800000,"minVersion":"3.0.5","node8DeploysDisabledAfter":1613390400000,"node8RuntimeDisabledAfter":1615809600000,"node8WarnAfter":1600128000000}
[debug] [2023-10-25T12:08:29.341Z] Error: Timed out.
    at Timeout._onTimeout (C:\Users\alok\AppData\Roaming\npm\node_modules\firebase-tools\lib\utils.js:254:49)
    at listOnTimeout (node:internal/timers:569:17)
    at process.processTimers (node:internal/timers:512:7)
[error] 
[error] Error: An unexpected error has occurred.
[debug] [2023-10-25T12:08:38.781Z] ----------------------------------------------------------------------
[debug] [2023-10-25T12:08:38.785Z] Command:       C:\Program Files\nodejs\node.exe C:\Users\alok\AppData\Roaming\npm\node_modules\firebase-tools\lib\bin\firebase.js login
[debug] [2023-10-25T12:08:38.785Z] CLI Version:   12.7.0
[debug] [2023-10-25T12:08:38.786Z] Platform:      win32
[debug] [2023-10-25T12:08:38.786Z] Node Version:  v18.15.0
[debug] [2023-10-25T12:08:38.787Z] Time:          Wed Oct 25 2023 17:38:38 GMT+0530 (India Standard Time)
[debug] [2023-10-25T12:08:38.787Z] ----------------------------------------------------------------------
[debug] 
[info] Already logged in as alokdholu10@gmail.com
[debug] [2023-10-25T12:08:48.886Z] Error: Timed out.
    at Timeout._onTimeout (C:\Users\alok\AppData\Roaming\npm\node_modules\firebase-tools\lib\utils.js:254:49)
    at listOnTimeout (node:internal/timers:569:17)
    at process.processTimers (node:internal/timers:512:7)
[error] 
[error] Error: An unexpected error has occurred.
